{
  "stats": {
    "suites": 1,
    "tests": 1,
    "passes": 1,
    "pending": 0,
    "failures": 0,
    "start": "2026-05-04T01:55:38.656Z",
    "end": "2026-05-04T01:55:42.456Z",
    "duration": 3800,
    "testsRegistered": 1,
    "passPercent": 100,
    "pendingPercent": 0,
    "other": 0,
    "hasOther": false,
    "skipped": 0,
    "hasSkipped": false
  },
  "results": [
    {
      "uuid": "187357fc-dfe0-4beb-8245-145460366df7",
      "title": "",
      "fullFile": "cypress\\e2e\\e2e-test-suite\\auth\\logout.cy.js",
      "file": "cypress\\e2e\\e2e-test-suite\\auth\\logout.cy.js",
      "beforeHooks": [],
      "afterHooks": [],
      "tests": [],
      "suites": [
        {
          "uuid": "fb678ac2-33b2-4609-ad95-6c2c995703f6",
          "title": "Cart Test Suite",
          "fullFile": "",
          "file": "",
          "beforeHooks": [],
          "afterHooks": [],
          "tests": [
            {
              "title": "TC05 - Logout after succesfully logged in",
              "fullTitle": "Cart Test Suite TC05 - Logout after succesfully logged in",
              "timedOut": null,
              "duration": 1944,
              "state": "passed",
              "speed": "fast",
              "pass": true,
              "fail": false,
              "pending": false,
              "context": null,
              "code": "cy.get('#react-burger-menu-btn').click();\ncy.get('[data-test=\"logout-sidebar-link\"]').click();\ncy.url().should('include', 'saucedemo.com');\ncy.get('[data-test=\"login-button\"]').should('be.visible');",
              "err": {},
              "uuid": "f9f09caa-9f8e-4161-994b-7a0b76537cc5",
              "parentUUID": "fb678ac2-33b2-4609-ad95-6c2c995703f6",
              "isHook": false,
              "skipped": false
            }
          ],
          "suites": [],
          "passes": [
            "f9f09caa-9f8e-4161-994b-7a0b76537cc5"
          ],
          "failures": [],
          "pending": [],
          "skipped": [],
          "duration": 1944,
          "root": false,
          "rootEmpty": false,
          "_timeout": 2000
        }
      ],
      "passes": [],
      "failures": [],
      "pending": [],
      "skipped": [],
      "duration": 0,
      "root": true,
      "rootEmpty": true,
      "_timeout": 2000
    }
  ],
  "meta": {
    "mocha": {
      "version": "7.2.0"
    },
    "mochawesome": {
      "options": {
        "quiet": false,
        "reportFilename": "mochawesome",
        "saveHtml": false,
        "saveJson": true,
        "consoleReporter": "spec",
        "useInlineDiffs": false,
        "code": true
      },
      "version": "7.1.4"
    },
    "marge": {
      "options": {
        "reportDir": "cypress/reports",
        "overwrite": false,
        "html": false,
        "json": true,
        "charts": true
      },
      "version": "6.3.2"
    }
  }
}