{
  "stats": {
    "suites": 1,
    "tests": 4,
    "passes": 4,
    "pending": 0,
    "failures": 0,
    "start": "2026-05-04T01:55:29.121Z",
    "end": "2026-05-04T01:55:36.248Z",
    "duration": 7127,
    "testsRegistered": 4,
    "passPercent": 100,
    "pendingPercent": 0,
    "other": 0,
    "hasOther": false,
    "skipped": 0,
    "hasSkipped": false
  },
  "results": [
    {
      "uuid": "7dfabd8e-e1ba-4948-a812-882d9e75d67a",
      "title": "",
      "fullFile": "cypress\\e2e\\e2e-test-suite\\auth\\login.cy.js",
      "file": "cypress\\e2e\\e2e-test-suite\\auth\\login.cy.js",
      "beforeHooks": [],
      "afterHooks": [],
      "tests": [],
      "suites": [
        {
          "uuid": "9ea9343e-1c46-45d3-9e2b-373138bc33dd",
          "title": "Login Test",
          "fullFile": "",
          "file": "",
          "beforeHooks": [],
          "afterHooks": [],
          "tests": [
            {
              "title": "TC01 - Login successfully with valid credentials",
              "fullTitle": "Login Test TC01 - Login successfully with valid credentials",
              "timedOut": null,
              "duration": 1593,
              "state": "passed",
              "speed": "fast",
              "pass": true,
              "fail": false,
              "pending": false,
              "context": null,
              "code": "cy.visit('https://www.saucedemo.com/');\nloginPage.enterUsername('standard_user');\nloginPage.enterPassword('secret_sauce');\nloginPage.clickLogin();",
              "err": {},
              "uuid": "5cb3c262-b61d-4093-be67-1d5bdbd0417b",
              "parentUUID": "9ea9343e-1c46-45d3-9e2b-373138bc33dd",
              "isHook": false,
              "skipped": false
            },
            {
              "title": "TC02 - Login failed with invalid username",
              "fullTitle": "Login Test TC02 - Login failed with invalid username",
              "timedOut": null,
              "duration": 957,
              "state": "passed",
              "speed": "fast",
              "pass": true,
              "fail": false,
              "pending": false,
              "context": null,
              "code": "cy.visit('https://www.saucedemo.com/');\nloginPage.enterUsername('standard_user1');\nloginPage.enterPassword('secret_sauce');\nloginPage.clickLogin();",
              "err": {},
              "uuid": "7ce7162a-d96f-4a8e-acaf-e44011114595",
              "parentUUID": "9ea9343e-1c46-45d3-9e2b-373138bc33dd",
              "isHook": false,
              "skipped": false
            },
            {
              "title": "TC03 - Login failed with invalid password",
              "fullTitle": "Login Test TC03 - Login failed with invalid password",
              "timedOut": null,
              "duration": 2310,
              "state": "passed",
              "speed": "fast",
              "pass": true,
              "fail": false,
              "pending": false,
              "context": null,
              "code": "cy.visit('https://www.saucedemo.com/');\nloginPage.enterUsername('standard_user');\nloginPage.enterPassword('secret_sauce1');\nloginPage.clickLogin();",
              "err": {},
              "uuid": "9d72ff45-17f6-4744-91e8-9c41c664086e",
              "parentUUID": "9ea9343e-1c46-45d3-9e2b-373138bc33dd",
              "isHook": false,
              "skipped": false
            },
            {
              "title": "TC04 - Login failed no credentials",
              "fullTitle": "Login Test TC04 - Login failed no credentials",
              "timedOut": null,
              "duration": 206,
              "state": "passed",
              "speed": "fast",
              "pass": true,
              "fail": false,
              "pending": false,
              "context": null,
              "code": "cy.visit('https://www.saucedemo.com/');\nloginPage.clickLogin();",
              "err": {},
              "uuid": "597adf7e-eae4-4183-925a-4f6c3fa5d394",
              "parentUUID": "9ea9343e-1c46-45d3-9e2b-373138bc33dd",
              "isHook": false,
              "skipped": false
            }
          ],
          "suites": [],
          "passes": [
            "5cb3c262-b61d-4093-be67-1d5bdbd0417b",
            "7ce7162a-d96f-4a8e-acaf-e44011114595",
            "9d72ff45-17f6-4744-91e8-9c41c664086e",
            "597adf7e-eae4-4183-925a-4f6c3fa5d394"
          ],
          "failures": [],
          "pending": [],
          "skipped": [],
          "duration": 5066,
          "root": false,
          "rootEmpty": false,
          "_timeout": 2000
        }
      ],
      "passes": [],
      "failures": [],
      "pending": [],
      "skipped": [],
      "duration": 0,
      "root": true,
      "rootEmpty": true,
      "_timeout": 2000
    }
  ],
  "meta": {
    "mocha": {
      "version": "7.2.0"
    },
    "mochawesome": {
      "options": {
        "quiet": false,
        "reportFilename": "mochawesome",
        "saveHtml": false,
        "saveJson": true,
        "consoleReporter": "spec",
        "useInlineDiffs": false,
        "code": true
      },
      "version": "7.1.4"
    },
    "marge": {
      "options": {
        "reportDir": "cypress/reports",
        "overwrite": false,
        "html": false,
        "json": true,
        "charts": true
      },
      "version": "6.3.2"
    }
  }
}