{
  "stats": {
    "suites": 1,
    "tests": 4,
    "passes": 4,
    "pending": 0,
    "failures": 0,
    "start": "2026-05-04T01:37:21.313Z",
    "end": "2026-05-04T01:37:29.902Z",
    "duration": 8589,
    "testsRegistered": 4,
    "passPercent": 100,
    "pendingPercent": 0,
    "other": 0,
    "hasOther": false,
    "skipped": 0,
    "hasSkipped": false
  },
  "results": [
    {
      "uuid": "5423d433-b121-4bce-8a6e-cba107c7dc9b",
      "title": "",
      "fullFile": "cypress\\e2e\\e2e-test-suite\\auth\\login.cy.js",
      "file": "cypress\\e2e\\e2e-test-suite\\auth\\login.cy.js",
      "beforeHooks": [],
      "afterHooks": [],
      "tests": [],
      "suites": [
        {
          "uuid": "4b26575c-2753-46b0-8d47-d67f94ea9e15",
          "title": "Login Test",
          "fullFile": "",
          "file": "",
          "beforeHooks": [],
          "afterHooks": [],
          "tests": [
            {
              "title": "TC01 - Login successfully with valid credentials",
              "fullTitle": "Login Test TC01 - Login successfully with valid credentials",
              "timedOut": null,
              "duration": 1647,
              "state": "passed",
              "speed": "fast",
              "pass": true,
              "fail": false,
              "pending": false,
              "context": null,
              "code": "cy.visit('https://www.saucedemo.com/');\nloginPage.enterUsername('standard_user');\nloginPage.enterPassword('secret_sauce');\nloginPage.clickLogin();",
              "err": {},
              "uuid": "a0390d28-5934-4117-b264-d343b525dca6",
              "parentUUID": "4b26575c-2753-46b0-8d47-d67f94ea9e15",
              "isHook": false,
              "skipped": false
            },
            {
              "title": "TC02 - Login failed with invalid username",
              "fullTitle": "Login Test TC02 - Login failed with invalid username",
              "timedOut": null,
              "duration": 1025,
              "state": "passed",
              "speed": "fast",
              "pass": true,
              "fail": false,
              "pending": false,
              "context": null,
              "code": "cy.visit('https://www.saucedemo.com/');\nloginPage.enterUsername('standard_user1');\nloginPage.enterPassword('secret_sauce');\nloginPage.clickLogin();",
              "err": {},
              "uuid": "07f7fca7-0039-48fa-9ea1-a3b514d99694",
              "parentUUID": "4b26575c-2753-46b0-8d47-d67f94ea9e15",
              "isHook": false,
              "skipped": false
            },
            {
              "title": "TC03 - Login failed with invalid password",
              "fullTitle": "Login Test TC03 - Login failed with invalid password",
              "timedOut": null,
              "duration": 3126,
              "state": "passed",
              "speed": "fast",
              "pass": true,
              "fail": false,
              "pending": false,
              "context": null,
              "code": "cy.visit('https://www.saucedemo.com/');\nloginPage.enterUsername('standard_user');\nloginPage.enterPassword('secret_sauce1');\nloginPage.clickLogin();",
              "err": {},
              "uuid": "761efa29-ff90-40c8-8652-fb39f19510b2",
              "parentUUID": "4b26575c-2753-46b0-8d47-d67f94ea9e15",
              "isHook": false,
              "skipped": false
            },
            {
              "title": "TC04 - Login failed no credentials",
              "fullTitle": "Login Test TC04 - Login failed no credentials",
              "timedOut": null,
              "duration": 332,
              "state": "passed",
              "speed": "fast",
              "pass": true,
              "fail": false,
              "pending": false,
              "context": null,
              "code": "cy.visit('https://www.saucedemo.com/');\nloginPage.clickLogin();",
              "err": {},
              "uuid": "a16412e0-4ca1-421c-b4b0-61f3fce90d92",
              "parentUUID": "4b26575c-2753-46b0-8d47-d67f94ea9e15",
              "isHook": false,
              "skipped": false
            }
          ],
          "suites": [],
          "passes": [
            "a0390d28-5934-4117-b264-d343b525dca6",
            "07f7fca7-0039-48fa-9ea1-a3b514d99694",
            "761efa29-ff90-40c8-8652-fb39f19510b2",
            "a16412e0-4ca1-421c-b4b0-61f3fce90d92"
          ],
          "failures": [],
          "pending": [],
          "skipped": [],
          "duration": 6130,
          "root": false,
          "rootEmpty": false,
          "_timeout": 2000
        }
      ],
      "passes": [],
      "failures": [],
      "pending": [],
      "skipped": [],
      "duration": 0,
      "root": true,
      "rootEmpty": true,
      "_timeout": 2000
    }
  ],
  "meta": {
    "mocha": {
      "version": "7.2.0"
    },
    "mochawesome": {
      "options": {
        "quiet": false,
        "reportFilename": "mochawesome",
        "saveHtml": false,
        "saveJson": true,
        "consoleReporter": "spec",
        "useInlineDiffs": false,
        "code": true
      },
      "version": "7.1.4"
    },
    "marge": {
      "options": {
        "reportDir": "cypress/reports",
        "overwrite": false,
        "html": false,
        "json": true,
        "charts": true
      },
      "version": "6.3.2"
    }
  }
}