{
  "stats": {
    "suites": 1,
    "tests": 3,
    "passes": 3,
    "pending": 0,
    "failures": 0,
    "start": "2026-05-04T01:55:10.155Z",
    "end": "2026-05-04T01:55:26.814Z",
    "duration": 16659,
    "testsRegistered": 3,
    "passPercent": 100,
    "pendingPercent": 0,
    "other": 0,
    "hasOther": false,
    "skipped": 0,
    "hasSkipped": false
  },
  "results": [
    {
      "uuid": "8dc84eac-e5cc-4e58-8df0-5b5852c68c3f",
      "title": "",
      "fullFile": "cypress\\e2e\\e2e-test-suite\\cart\\cart.cy.js",
      "file": "cypress\\e2e\\e2e-test-suite\\cart\\cart.cy.js",
      "beforeHooks": [],
      "afterHooks": [],
      "tests": [],
      "suites": [
        {
          "uuid": "89254a16-c8eb-4e99-829a-74b6ff32dd87",
          "title": "Cart Test Suite",
          "fullFile": "",
          "file": "",
          "beforeHooks": [],
          "afterHooks": [],
          "tests": [
            {
              "title": "TC06 - Cart UI flow",
              "fullTitle": "Cart Test Suite TC06 - Cart UI flow",
              "timedOut": null,
              "duration": 7751,
              "state": "passed",
              "speed": "medium",
              "pass": true,
              "fail": false,
              "pending": false,
              "context": null,
              "code": "cartPage.checkProducts();\ncartPage.clickAddToCart();\ncy.get('.shopping_cart_badge').should('have.text', '1');\ncy.get('[data-test=\"add-to-cart-sauce-labs-bike-light\"]').click();\ncy.get('.shopping_cart_badge').should('have.text', '2');\nproductsPage.goToCart();\ncy.get('[data-test=\"continue-shopping\"]').should('be.visible').click();\ncy.get('[data-test=\"add-to-cart-test.allthethings()-t-shirt-(red)\"]').click();\ncy.get('.shopping_cart_badge').should('have.text', '3');\ncy.wait(2000);\ncy.get('[data-test=\"remove-test.allthethings()-t-shirt-(red)\"]').click();\ncy.get('.shopping_cart_badge').should('have.text', '2');\ncy.wait(2000);\ncy.get('[data-test=\"add-to-cart-test.allthethings()-t-shirt-(red)\"]').click();\ncy.get('.shopping_cart_badge').should('have.text', '3');\nproductsPage.goToCart();\ncy.get('[data-test=\"remove-sauce-labs-bike-light\"]').click();\ncy.get('[data-test=\"remove-sauce-labs-bike-light\"]').should('not.exist');\ncy.get('[data-test=\"shopping-cart-badge\"]').should('be.visible').and('have.text', '2');",
              "err": {},
              "uuid": "00d17ec8-099b-422d-9512-f12ea4cd8979",
              "parentUUID": "89254a16-c8eb-4e99-829a-74b6ff32dd87",
              "isHook": false,
              "skipped": false
            },
            {
              "title": "TC07 - Checkout process",
              "fullTitle": "Cart Test Suite TC07 - Checkout process",
              "timedOut": null,
              "duration": 3219,
              "state": "passed",
              "speed": "fast",
              "pass": true,
              "fail": false,
              "pending": false,
              "context": null,
              "code": "//check the products and add an item to the cart\ncartPage.checkProducts();\ncartPage.clickAddToCart();\ncy.get('.shopping_cart_badge').should('have.text', '1');\n//click on the cart and proceed to checkout\ncy.get('[data-test=\"shopping-cart-link\"]').click();\ncy.get('[data-test=\"checkout\"]').should('be.visible').click();\n//add the checkout information and cancel the process\ncy.get('[data-test=\"firstName\"]').type('Andrew');\ncy.get('[data-test=\"lastName\"]').type('Doe');\ncy.get('[data-test=\"postalCode\"]').type('12345');\ncy.get('[data-test=\"cancel\"]').should('be.visible').click();\n//click on the cart and proceed to checkout\ncy.get('[data-test=\"shopping-cart-link\"]').click();\ncy.get('[data-test=\"checkout\"]').should('be.visible').click();\n//add the checkout information and continue the process\ncy.get('[data-test=\"firstName\"]').type('Mark');\ncy.get('[data-test=\"lastName\"]').type('Poe');\ncy.get('[data-test=\"postalCode\"]').type('56789');\ncy.get('[data-test=\"continue\"]').should('be.visible').click();\n//finish the checkout process and verify the order completion\ncy.get('[data-test=\"finish\"]').should('be.visible').click();\ncy.get('.complete-header').should('have.text', 'Thank you for your order!');\ncy.get('[data-test=\"shopping-cart-link\"]').click();\ncy.get('cart_item').should('have.length', '0');",
              "err": {},
              "uuid": "15c31b01-2a3f-49f6-9474-1cd67c62f88e",
              "parentUUID": "89254a16-c8eb-4e99-829a-74b6ff32dd87",
              "isHook": false,
              "skipped": false
            },
            {
              "title": "TC08 - Cart badge correct behavior",
              "fullTitle": "Cart Test Suite TC08 - Cart badge correct behavior",
              "timedOut": null,
              "duration": 3074,
              "state": "passed",
              "speed": "fast",
              "pass": true,
              "fail": false,
              "pending": false,
              "context": null,
              "code": "//Cart badge validation\ncy.url().should('include', 'inventory.html');\ncy.get('.btn_inventory').first().click();\ncy.get('.shopping_cart_link').click();\ncy.get('.cart_item').should('have.length', 1);\n//Cart badge increments correctly\ncy.get('[data-test=\"continue-shopping\"]').click();\ncy.get('[data-test=\"add-to-cart-sauce-labs-bike-light\"]').click();\ncy.get('[data-test=\"shopping-cart-link\"]').click();\ncy.get('.cart_item').should('have.length', 2);\ncy.get('[data-test=\"continue-shopping\"]').click();\ncy.get('[data-test=\"add-to-cart-sauce-labs-bolt-t-shirt\"]').click();\ncy.get('[data-test=\"add-to-cart-sauce-labs-fleece-jacket\"]').click();\ncy.get('[data-test=\"shopping-cart-link\"]').click();\ncy.get('.cart_item').should('have.length', 4);\n//Cart badge decrements correctly\ncy.get('[data-test=\"shopping-cart-link\"]').click();\ncy.get('[data-test=\"remove-sauce-labs-backpack\"]').click();\ncy.get('.cart_item').should('have.length', 3);\ncy.get('[data-test=\"remove-sauce-labs-bolt-t-shirt\"]').click();\ncy.get('[data-test=\"remove-sauce-labs-bike-light\"]').click();\ncy.get('.cart_item').should('have.length', 1);\n//Cart persists after navigation\ncy.get('[data-test=\"continue-shopping\"]').click();\ncy.get('[data-test=\"add-to-cart-sauce-labs-bolt-t-shirt\"]').click();\ncy.get('[data-test=\"add-to-cart-sauce-labs-bike-light\"]').click();\ncy.get('[data-test=\"add-to-cart-sauce-labs-backpack\"]').click();\ncy.get('[data-test=\"shopping-cart-link\"]').click();\ncy.get('.cart_item').should('have.length', 4);\ncy.get('.app_logo').click();\ncy.get('[data-test=\"continue-shopping\"]').click();\ncy.get('[data-test=\"item-4-title-link\"] > [data-test=\"inventory-item-name\"]').click();\ncy.get('[data-test=\"inventory-item-desc\"]').should('be.visible');\ncy.get('[data-test=\"back-to-products\"]').click();\ncy.get('[data-test=\"item-3-title-link\"] > [data-test=\"inventory-item-name\"]').click();\ncy.get('[data-test=\"back-to-products\"]').click();\ncy.get('[data-test=\"shopping-cart-link\"]').click();\ncy.get('.cart_item').should('have.length', 4);",
              "err": {},
              "uuid": "52c7dc28-1d84-4f8e-b7f8-9d19690fc9d8",
              "parentUUID": "89254a16-c8eb-4e99-829a-74b6ff32dd87",
              "isHook": false,
              "skipped": false
            }
          ],
          "suites": [],
          "passes": [
            "00d17ec8-099b-422d-9512-f12ea4cd8979",
            "15c31b01-2a3f-49f6-9474-1cd67c62f88e",
            "52c7dc28-1d84-4f8e-b7f8-9d19690fc9d8"
          ],
          "failures": [],
          "pending": [],
          "skipped": [],
          "duration": 14044,
          "root": false,
          "rootEmpty": false,
          "_timeout": 2000
        }
      ],
      "passes": [],
      "failures": [],
      "pending": [],
      "skipped": [],
      "duration": 0,
      "root": true,
      "rootEmpty": true,
      "_timeout": 2000
    }
  ],
  "meta": {
    "mocha": {
      "version": "7.2.0"
    },
    "mochawesome": {
      "options": {
        "quiet": false,
        "reportFilename": "mochawesome",
        "saveHtml": false,
        "saveJson": true,
        "consoleReporter": "spec",
        "useInlineDiffs": false,
        "code": true
      },
      "version": "7.1.4"
    },
    "marge": {
      "options": {
        "reportDir": "cypress/reports",
        "overwrite": false,
        "html": false,
        "json": true,
        "charts": true
      },
      "version": "6.3.2"
    }
  }
}