{
  "stats": {
    "suites": 1,
    "tests": 2,
    "passes": 2,
    "pending": 0,
    "failures": 0,
    "start": "2026-05-04T01:55:46.132Z",
    "end": "2026-05-04T01:55:53.781Z",
    "duration": 7649,
    "testsRegistered": 2,
    "passPercent": 100,
    "pendingPercent": 0,
    "other": 0,
    "hasOther": false,
    "skipped": 0,
    "hasSkipped": false
  },
  "results": [
    {
      "uuid": "5d0eb867-cfdc-4427-ab4b-9525399655c5",
      "title": "",
      "fullFile": "cypress\\e2e\\e2e-test-suite\\products\\products.cy.js",
      "file": "cypress\\e2e\\e2e-test-suite\\products\\products.cy.js",
      "beforeHooks": [],
      "afterHooks": [],
      "tests": [],
      "suites": [
        {
          "uuid": "0a8cbf44-0f0f-4ae6-88ff-3b0cdc314340",
          "title": "Products Test Suite",
          "fullFile": "",
          "file": "",
          "beforeHooks": [],
          "afterHooks": [],
          "tests": [
            {
              "title": "TC09 - Sorting Products",
              "fullTitle": "Products Test Suite TC09 - Sorting Products",
              "timedOut": null,
              "duration": 2449,
              "state": "passed",
              "speed": "fast",
              "pass": true,
              "fail": false,
              "pending": false,
              "context": null,
              "code": "cy.get('[data-test=\"product-sort-container\"]').should('be.visible');\nproductsPage.sortBy('az');\ncy.get('.inventory_item_name').first().should('have.text', 'Sauce Labs Backpack');\nproductsPage.sortBy('za');\ncy.get('.inventory_item_name').first().should('have.text', 'Test.allTheThings() T-Shirt (Red)');\nproductsPage.sortBy('lohi');\ncy.get('.inventory_item_price').first().should('have.text', '$7.99');\nproductsPage.sortBy('hilo');\ncy.get('.inventory_item_price').first().should('have.text', '$49.99');",
              "err": {},
              "uuid": "a269bae1-0e5f-4e98-83b2-3bc2eb991684",
              "parentUUID": "0a8cbf44-0f0f-4ae6-88ff-3b0cdc314340",
              "isHook": false,
              "skipped": false
            },
            {
              "title": "TC10 - View product's page",
              "fullTitle": "Products Test Suite TC10 - View product's page",
              "timedOut": null,
              "duration": 3265,
              "state": "passed",
              "speed": "fast",
              "pass": true,
              "fail": false,
              "pending": false,
              "context": null,
              "code": "cy.get('[data-test=\"product-sort-container\"]').select('az');\ncy.get('.inventory_item_name').first().should('have.text', 'Sauce Labs Backpack');\n//access an item page\ncy.get('[data-test=\"item-4-title-link\"] > [data-test=\"inventory-item-name\"]').click();\n//check if the ordinary elemnts are displayed on the page\ncy.get('.app_logo').should('be.visible');\ncy.get('[data-test=\"shopping-cart-link\"]').should('be.visible');\ncy.get('[data-test=\"back-to-products\"]').should('be.visible');\ncy.get('[data-test=\"inventory-item-name\"]').should('be.visible');\ncy.get('[data-test=\"inventory-item-desc\"]').should('be.visible');\ncy.get('[data-test=\"inventory-item-price\"]').should('be.visible');\n//visible and functional add & remove buttons\ncy.get('[data-test=\"add-to-cart\"]').should('be.visible').click();\ncy.get('[data-test=\"remove\"]').should('be.visible').click();\n//functional Back to products button\ncy.get('[data-test=\"back-to-products\"]').click();\ncy.url().should('include', 'inventory.html');",
              "err": {},
              "uuid": "fd9953c3-3792-4985-af08-7bd905b5dfbe",
              "parentUUID": "0a8cbf44-0f0f-4ae6-88ff-3b0cdc314340",
              "isHook": false,
              "skipped": false
            }
          ],
          "suites": [],
          "passes": [
            "a269bae1-0e5f-4e98-83b2-3bc2eb991684",
            "fd9953c3-3792-4985-af08-7bd905b5dfbe"
          ],
          "failures": [],
          "pending": [],
          "skipped": [],
          "duration": 5714,
          "root": false,
          "rootEmpty": false,
          "_timeout": 2000
        }
      ],
      "passes": [],
      "failures": [],
      "pending": [],
      "skipped": [],
      "duration": 0,
      "root": true,
      "rootEmpty": true,
      "_timeout": 2000
    }
  ],
  "meta": {
    "mocha": {
      "version": "7.2.0"
    },
    "mochawesome": {
      "options": {
        "quiet": false,
        "reportFilename": "mochawesome",
        "saveHtml": false,
        "saveJson": true,
        "consoleReporter": "spec",
        "useInlineDiffs": false,
        "code": true
      },
      "version": "7.1.4"
    },
    "marge": {
      "options": {
        "reportDir": "cypress/reports",
        "overwrite": false,
        "html": false,
        "json": true,
        "charts": true
      },
      "version": "6.3.2"
    }
  }
}